<?xml version="1.0" encoding="UTF-8"?>
<!-- Generated by org.testng.reporters.JUnitXMLReporter -->
<testsuite hostname="ASDW0041" name="Test" tests="5" failures="0" timestamp="27 Jul 2018 05:56:17 GMT" time="165.997" errors="0">
  <testcase name="Step01_Launch_Application" time="9.4" classname="com.qait.acs.tests.TestFirst"/>
  <testcase name="verifyingsearchfunctionality" time="11.538" classname="com.qait.acs.tests.TestFirst"/>
  <testcase name="verifythateachmenuisdisplayingcorrespondingseciton" time="23.188" classname="com.qait.acs.tests.TestFirst"/>
  <testcase name="verifyverticalssection" time="20.299" classname="com.qait.acs.tests.TestFirst"/>
  <testcase name="verifydownloadsection" time="20.951" classname="com.qait.acs.tests.TestFirst"/>
</testsuite> <!-- Test -->
