<?xml version="1.0" encoding="UTF-8"?>
<testng-results skipped="0" failed="0" total="1" passed="1">
  <reporter-output>
    <line>
      <![CDATA[The application url is :- https://www.qainfotech.com]]>
    </line>
    <line>
      <![CDATA[The test browser is :- chrome
]]>
    </line>
    <line>
      <![CDATA[ ]]>
    </line>
    <line>
      <![CDATA[***** STARTING TEST STEP:- STEP01_LAUNCH_APPLICATION *****]]>
    </line>
    <line>
      <![CDATA[ ]]>
    </line>
    <line>
      <![CDATA[launching chrome browser]]>
    </line>
    <line>
      <![CDATA[The application url is :- https://www.qainfotech.com]]>
    </line>
    <line>
      <![CDATA[The test browser is :- chrome
]]>
    </line>
    <line>
      <![CDATA[launched chrome browser]]>
    </line>
    <line>
      <![CDATA[Browser selected from 'Config.properties' file: chrome]]>
    </line>
  </reporter-output>
  <suite name="com.qait.acs.tests.TestFirst" duration-ms="33550" started-at="2018-07-30T09:19:03Z" finished-at="2018-07-30T09:19:36Z">
    <groups>
    </groups>
    <test name="Command line test" duration-ms="33550" started-at="2018-07-30T09:19:03Z" finished-at="2018-07-30T09:19:36Z">
      <class name="com.qait.acs.tests.TestFirst">
        <test-method status="PASS" signature="Start_Test_Session()[pri:0, instance:com.qait.acs.tests.TestFirst@668bc3d5]" name="Start_Test_Session" is-config="true" duration-ms="24205" started-at="2018-07-30T14:49:03Z" finished-at="2018-07-30T14:49:27Z">
          <reporter-output>
            <line>
              <![CDATA[The application url is :- https://www.qainfotech.com]]>
            </line>
            <line>
              <![CDATA[The test browser is :- chrome
]]>
            </line>
          </reporter-output>
        </test-method> <!-- Start_Test_Session -->
        <test-method status="PASS" signature="handleTestMethodName(java.lang.reflect.Method)[pri:0, instance:com.qait.acs.tests.TestFirst@668bc3d5]" name="handleTestMethodName" is-config="true" duration-ms="1" started-at="2018-07-30T14:49:27Z" finished-at="2018-07-30T14:49:27Z">
          <params>
            <param index="0">
              <value>
                <![CDATA[public void com.qait.acs.tests.TestFirst.Step01_Launch_Application()]]>
              </value>
            </param>
          </params>
          <reporter-output>
            <line>
              <![CDATA[ ]]>
            </line>
            <line>
              <![CDATA[***** STARTING TEST STEP:- STEP01_LAUNCH_APPLICATION *****]]>
            </line>
            <line>
              <![CDATA[ ]]>
            </line>
          </reporter-output>
        </test-method> <!-- handleTestMethodName -->
        <test-method status="PASS" signature="Step01_Launch_Application()[pri:1, instance:com.qait.acs.tests.TestFirst@668bc3d5]" name="Step01_Launch_Application" duration-ms="6621" started-at="2018-07-30T14:49:27Z" finished-at="2018-07-30T14:49:34Z">
          <reporter-output>
            <line>
              <![CDATA[launching chrome browser]]>
            </line>
            <line>
              <![CDATA[The application url is :- https://www.qainfotech.com]]>
            </line>
            <line>
              <![CDATA[The test browser is :- chrome
]]>
            </line>
            <line>
              <![CDATA[launched chrome browser]]>
            </line>
          </reporter-output>
        </test-method> <!-- Step01_Launch_Application -->
        <test-method status="PASS" signature="take_screenshot_on_failure(org.testng.ITestResult, java.lang.reflect.Method)[pri:0, instance:com.qait.acs.tests.TestFirst@668bc3d5]" name="take_screenshot_on_failure" is-config="true" duration-ms="2" started-at="2018-07-30T14:49:34Z" finished-at="2018-07-30T14:49:34Z">
          <params>
            <param index="0">
              <value>
                <![CDATA[[TestResult name=Step01_Launch_Application status=SUCCESS method=TestFirst.Step01_Launch_Application()[pri:1, instance:com.qait.acs.tests.TestFirst@668bc3d5] output=launching chrome browser]]]>
              </value>
            </param>
            <param index="1">
              <value>
                <![CDATA[public void com.qait.acs.tests.TestFirst.Step01_Launch_Application()]]>
              </value>
            </param>
          </params>
          <reporter-output>
          </reporter-output>
        </test-method> <!-- take_screenshot_on_failure -->
        <test-method status="PASS" signature="close_Test_Session()[pri:0, instance:com.qait.acs.tests.TestFirst@668bc3d5]" name="close_Test_Session" is-config="true" duration-ms="2708" started-at="2018-07-30T14:49:34Z" finished-at="2018-07-30T14:49:36Z">
          <reporter-output>
            <line>
              <![CDATA[Browser selected from 'Config.properties' file: chrome]]>
            </line>
          </reporter-output>
        </test-method> <!-- close_Test_Session -->
      </class> <!-- com.qait.acs.tests.TestFirst -->
    </test> <!-- Command line test -->
  </suite> <!-- com.qait.acs.tests.TestFirst -->
</testng-results>
